<?xml version="1.0" encoding="UTF-8"?>
<testsuite name="org.oop.DistanceAndDirectionCalculatorTest" tests="6" skipped="0" failures="0" errors="0" timestamp="2020-10-18T06:20:48" hostname="Vojs-MacBook-Pro-3.local" time="0.027">
  <properties/>
  <testcase name="twoPointsWithSameXAndYCoordinatesShouldHaveADistanceOfZero()" classname="org.oop.DistanceAndDirectionCalculatorTest" time="0.019"/>
  <testcase name="distanceBetweenOriginAndPointsOnUnitCircleShouldBeOne()" classname="org.oop.DistanceAndDirectionCalculatorTest" time="0.0"/>
  <testcase name="originAndPointOnNegativeXAxisShouldBePiRadiansAway()" classname="org.oop.DistanceAndDirectionCalculatorTest" time="0.001"/>
  <testcase name="originAndPointOnPositiveXAxisShouldBeZeroRadiansAway()" classname="org.oop.DistanceAndDirectionCalculatorTest" time="0.001"/>
  <testcase name="originAndPointOnYAxisShouldBeHalfPiRadiansAway()" classname="org.oop.DistanceAndDirectionCalculatorTest" time="0.001"/>
  <testcase name="distanceBetweenTwoOppositePointsOnUnitCircleShouldBeTwo()" classname="org.oop.DistanceAndDirectionCalculatorTest" time="0.001"/>
  <system-out><![CDATA[]]></system-out>
  <system-err><![CDATA[]]></system-err>
</testsuite>
